{"C:\\Users\\dell\\Documents\\js-capstone-project-collab\\src\\modules\\api_loader.js": {"path":"C:\\Users\\dell\\Documents\\js-capstone-project-collab\\src\\modules\\api_loader.js","statementMap":{"0":{"start":{"line":3,"column":4},"end":{"line":3,"column":18}},"1":{"start":{"line":6,"column":14},"end":{"line":10,"column":5}},"2":{"start":{"line":7,"column":18},"end":{"line":7,"column":39}},"3":{"start":{"line":8,"column":19},"end":{"line":8,"column":35}},"4":{"start":{"line":9,"column":6},"end":{"line":9,"column":18}},"5":{"start":{"line":12,"column":14},"end":{"line":25,"column":5}},"6":{"start":{"line":13,"column":6},"end":{"line":24,"column":7}},"7":{"start":{"line":14,"column":20},"end":{"line":20,"column":10}},"8":{"start":{"line":21,"column":8},"end":{"line":21,"column":26}},"9":{"start":{"line":23,"column":8},"end":{"line":23,"column":21}}},"fnMap":{"0":{"name":"(anonymous_0)","decl":{"start":{"line":2,"column":2},"end":{"line":2,"column":3}},"loc":{"start":{"line":2,"column":16},"end":{"line":4,"column":3}},"line":2},"1":{"name":"(anonymous_1)","decl":{"start":{"line":6,"column":14},"end":{"line":6,"column":15}},"loc":{"start":{"line":6,"column":26},"end":{"line":10,"column":5}},"line":6},"2":{"name":"(anonymous_2)","decl":{"start":{"line":12,"column":14},"end":{"line":12,"column":15}},"loc":{"start":{"line":12,"column":37},"end":{"line":25,"column":5}},"line":12}},"branchMap":{"0":{"loc":{"start":{"line":12,"column":21},"end":{"line":12,"column":32}},"type":"default-arg","locations":[{"start":{"line":12,"column":28},"end":{"line":12,"column":32}}],"line":12}},"s":{"0":1,"1":1,"2":0,"3":0,"4":0,"5":1,"6":0,"7":0,"8":0,"9":0},"f":{"0":1,"1":0,"2":0},"b":{"0":[0]},"_coverageSchema":"1a1c01bbd47fc00a2c39e90264f33305004495a9","hash":"6853a6b22b80cabab6174510ad3e2ceec02cb6dd"}
,"C:\\Users\\dell\\Documents\\js-capstone-project-collab\\src\\modules\\dom.js": {"path":"C:\\Users\\dell\\Documents\\js-capstone-project-collab\\src\\modules\\dom.js","statementMap":{"0":{"start":{"line":3,"column":15},"end":{"line":3,"column":30}},"1":{"start":{"line":5,"column":24},"end":{"line":5,"column":29}},"2":{"start":{"line":8,"column":17},"end":{"line":17,"column":3}},"3":{"start":{"line":9,"column":4},"end":{"line":9,"column":48}},"4":{"start":{"line":10,"column":17},"end":{"line":10,"column":39}},"5":{"start":{"line":11,"column":4},"end":{"line":13,"column":7}},"6":{"start":{"line":12,"column":6},"end":{"line":12,"column":28}},"7":{"start":{"line":14,"column":18},"end":{"line":14,"column":46}},"8":{"start":{"line":15,"column":21},"end":{"line":15,"column":52}},"9":{"start":{"line":16,"column":4},"end":{"line":16,"column":43}},"10":{"start":{"line":19,"column":16},"end":{"line":19,"column":43}},"11":{"start":{"line":19,"column":32},"end":{"line":19,"column":43}},"12":{"start":{"line":21,"column":17},"end":{"line":28,"column":3}},"13":{"start":{"line":22,"column":15},"end":{"line":22,"column":26}},"14":{"start":{"line":23,"column":4},"end":{"line":27,"column":7}},"15":{"start":{"line":24,"column":6},"end":{"line":26,"column":7}},"16":{"start":{"line":25,"column":8},"end":{"line":25,"column":52}},"17":{"start":{"line":30,"column":19},"end":{"line":33,"column":3}},"18":{"start":{"line":31,"column":23},"end":{"line":31,"column":54}},"19":{"start":{"line":32,"column":4},"end":{"line":32,"column":22}},"20":{"start":{"line":35,"column":15},"end":{"line":73,"column":3}},"21":{"start":{"line":36,"column":23},"end":{"line":47,"column":5}},"22":{"start":{"line":48,"column":17},"end":{"line":48,"column":53}},"23":{"start":{"line":50,"column":4},"end":{"line":50,"column":45}},"24":{"start":{"line":51,"column":4},"end":{"line":51,"column":36}},"25":{"start":{"line":52,"column":4},"end":{"line":52,"column":41}},"26":{"start":{"line":53,"column":4},"end":{"line":53,"column":40}},"27":{"start":{"line":54,"column":18},"end":{"line":54,"column":40}},"28":{"start":{"line":55,"column":4},"end":{"line":55,"column":56}},"29":{"start":{"line":56,"column":4},"end":{"line":56,"column":40}},"30":{"start":{"line":57,"column":4},"end":{"line":57,"column":24}},"31":{"start":{"line":58,"column":23},"end":{"line":68,"column":5}},"32":{"start":{"line":70,"column":4},"end":{"line":70,"column":47}},"33":{"start":{"line":71,"column":20},"end":{"line":71,"column":29}},"34":{"start":{"line":72,"column":4},"end":{"line":72,"column":33}},"35":{"start":{"line":75,"column":23},"end":{"line":110,"column":3}},"36":{"start":{"line":76,"column":18},"end":{"line":76,"column":58}},"37":{"start":{"line":77,"column":25},"end":{"line":108,"column":11}},"38":{"start":{"line":109,"column":4},"end":{"line":109,"column":35}},"39":{"start":{"line":112,"column":18},"end":{"line":154,"column":3}},"40":{"start":{"line":113,"column":17},"end":{"line":113,"column":60}},"41":{"start":{"line":114,"column":17},"end":{"line":114,"column":56}},"42":{"start":{"line":115,"column":21},"end":{"line":115,"column":57}},"43":{"start":{"line":116,"column":22},"end":{"line":116,"column":60}},"44":{"start":{"line":117,"column":26},"end":{"line":117,"column":67}},"45":{"start":{"line":118,"column":23},"end":{"line":125,"column":5}},"46":{"start":{"line":127,"column":17},"end":{"line":127,"column":53}},"47":{"start":{"line":128,"column":4},"end":{"line":128,"column":65}},"48":{"start":{"line":129,"column":17},"end":{"line":129,"column":39}},"49":{"start":{"line":130,"column":23},"end":{"line":137,"column":5}},"50":{"start":{"line":138,"column":4},"end":{"line":138,"column":48}},"51":{"start":{"line":140,"column":21},"end":{"line":140,"column":38}},"52":{"start":{"line":142,"column":4},"end":{"line":142,"column":34}},"53":{"start":{"line":143,"column":4},"end":{"line":143,"column":46}},"54":{"start":{"line":144,"column":4},"end":{"line":144,"column":55}},"55":{"start":{"line":145,"column":4},"end":{"line":145,"column":61}},"56":{"start":{"line":146,"column":4},"end":{"line":146,"column":63}},"57":{"start":{"line":147,"column":4},"end":{"line":147,"column":71}},"58":{"start":{"line":148,"column":4},"end":{"line":148,"column":72}},"59":{"start":{"line":149,"column":4},"end":{"line":149,"column":59}},"60":{"start":{"line":151,"column":23},"end":{"line":151,"column":58}},"61":{"start":{"line":152,"column":4},"end":{"line":152,"column":56}},"62":{"start":{"line":153,"column":4},"end":{"line":153,"column":33}},"63":{"start":{"line":156,"column":13},"end":{"line":171,"column":3}},"64":{"start":{"line":157,"column":4},"end":{"line":170,"column":7}},"65":{"start":{"line":158,"column":6},"end":{"line":158,"column":29}},"66":{"start":{"line":159,"column":6},"end":{"line":159,"column":120}},"67":{"start":{"line":160,"column":21},"end":{"line":162,"column":7}},"68":{"start":{"line":163,"column":20},"end":{"line":163,"column":48}},"69":{"start":{"line":164,"column":6},"end":{"line":169,"column":7}},"70":{"start":{"line":165,"column":19},"end":{"line":165,"column":78}},"71":{"start":{"line":166,"column":8},"end":{"line":168,"column":17}},"72":{"start":{"line":173,"column":14},"end":{"line":177,"column":3}},"73":{"start":{"line":174,"column":4},"end":{"line":174,"column":118}},"74":{"start":{"line":175,"column":18},"end":{"line":175,"column":40}},"75":{"start":{"line":176,"column":4},"end":{"line":176,"column":17}},"76":{"start":{"line":179,"column":15},"end":{"line":183,"column":3}},"77":{"start":{"line":180,"column":4},"end":{"line":180,"column":121}},"78":{"start":{"line":181,"column":20},"end":{"line":181,"column":47}},"79":{"start":{"line":182,"column":4},"end":{"line":182,"column":19}},"80":{"start":{"line":185,"column":15},"end":{"line":196,"column":3}},"81":{"start":{"line":186,"column":4},"end":{"line":186,"column":140}},"82":{"start":{"line":187,"column":18},"end":{"line":187,"column":40}},"83":{"start":{"line":188,"column":4},"end":{"line":190,"column":5}},"84":{"start":{"line":189,"column":6},"end":{"line":189,"column":21}},"85":{"start":{"line":191,"column":4},"end":{"line":191,"column":33}},"86":{"start":{"line":192,"column":4},"end":{"line":194,"column":5}},"87":{"start":{"line":193,"column":6},"end":{"line":193,"column":15}},"88":{"start":{"line":195,"column":4},"end":{"line":195,"column":26}},"89":{"start":{"line":198,"column":19},"end":{"line":207,"column":3}},"90":{"start":{"line":199,"column":23},"end":{"line":199,"column":58}},"91":{"start":{"line":200,"column":4},"end":{"line":206,"column":5}},"92":{"start":{"line":201,"column":6},"end":{"line":205,"column":9}},"93":{"start":{"line":202,"column":18},"end":{"line":202,"column":45}},"94":{"start":{"line":203,"column":8},"end":{"line":203,"column":78}},"95":{"start":{"line":204,"column":8},"end":{"line":204,"column":34}},"96":{"start":{"line":209,"column":18},"end":{"line":240,"column":3}},"97":{"start":{"line":210,"column":23},"end":{"line":210,"column":61}},"98":{"start":{"line":211,"column":4},"end":{"line":239,"column":7}},"99":{"start":{"line":212,"column":6},"end":{"line":212,"column":29}},"100":{"start":{"line":213,"column":19},"end":{"line":213,"column":50}},"101":{"start":{"line":214,"column":22},"end":{"line":214,"column":55}},"102":{"start":{"line":216,"column":20},"end":{"line":220,"column":7}},"103":{"start":{"line":222,"column":19},"end":{"line":222,"column":29}},"104":{"start":{"line":223,"column":18},"end":{"line":223,"column":32}},"105":{"start":{"line":224,"column":20},"end":{"line":224,"column":35}},"106":{"start":{"line":225,"column":19},"end":{"line":225,"column":37}},"107":{"start":{"line":227,"column":20},"end":{"line":231,"column":7}},"108":{"start":{"line":232,"column":18},"end":{"line":232,"column":46}},"109":{"start":{"line":233,"column":6},"end":{"line":238,"column":7}},"110":{"start":{"line":234,"column":8},"end":{"line":234,"column":45}},"111":{"start":{"line":235,"column":8},"end":{"line":235,"column":47}},"112":{"start":{"line":236,"column":8},"end":{"line":236,"column":37}},"113":{"start":{"line":237,"column":8},"end":{"line":237,"column":33}},"114":{"start":{"line":242,"column":18},"end":{"line":254,"column":3}},"115":{"start":{"line":243,"column":20},"end":{"line":243,"column":48}},"116":{"start":{"line":244,"column":4},"end":{"line":248,"column":5}},"117":{"start":{"line":245,"column":6},"end":{"line":247,"column":9}},"118":{"start":{"line":246,"column":8},"end":{"line":246,"column":35}},"119":{"start":{"line":250,"column":4},"end":{"line":252,"column":5}},"120":{"start":{"line":251,"column":6},"end":{"line":251,"column":22}},"121":{"start":{"line":253,"column":4},"end":{"line":253,"column":19}},"122":{"start":{"line":256,"column":18},"end":{"line":260,"column":3}},"123":{"start":{"line":257,"column":4},"end":{"line":259,"column":5}},"124":{"start":{"line":258,"column":6},"end":{"line":258,"column":32}},"125":{"start":{"line":262,"column":24},"end":{"line":269,"column":3}},"126":{"start":{"line":263,"column":16},"end":{"line":263,"column":18}},"127":{"start":{"line":264,"column":25},"end":{"line":264,"column":51}},"128":{"start":{"line":265,"column":4},"end":{"line":267,"column":7}},"129":{"start":{"line":266,"column":6},"end":{"line":266,"column":44}},"130":{"start":{"line":268,"column":4},"end":{"line":268,"column":15}},"131":{"start":{"line":271,"column":24},"end":{"line":279,"column":3}},"132":{"start":{"line":272,"column":4},"end":{"line":274,"column":7}},"133":{"start":{"line":273,"column":6},"end":{"line":273,"column":48}},"134":{"start":{"line":275,"column":4},"end":{"line":278,"column":5}},"135":{"start":{"line":276,"column":21},"end":{"line":276,"column":54}},"136":{"start":{"line":277,"column":6},"end":{"line":277,"column":47}},"137":{"start":{"line":281,"column":14},"end":{"line":288,"column":3}},"138":{"start":{"line":282,"column":18},"end":{"line":282,"column":58}},"139":{"start":{"line":283,"column":4},"end":{"line":287,"column":7}},"140":{"start":{"line":284,"column":6},"end":{"line":284,"column":24}},"141":{"start":{"line":285,"column":6},"end":{"line":285,"column":40}},"142":{"start":{"line":286,"column":6},"end":{"line":286,"column":27}},"143":{"start":{"line":290,"column":15},"end":{"line":296,"column":3}},"144":{"start":{"line":291,"column":18},"end":{"line":291,"column":58}},"145":{"start":{"line":292,"column":4},"end":{"line":295,"column":7}},"146":{"start":{"line":293,"column":6},"end":{"line":293,"column":29}},"147":{"start":{"line":294,"column":6},"end":{"line":294,"column":20}}},"fnMap":{"0":{"name":"(anonymous_0)","decl":{"start":{"line":8,"column":17},"end":{"line":8,"column":18}},"loc":{"start":{"line":8,"column":29},"end":{"line":17,"column":3}},"line":8},"1":{"name":"(anonymous_1)","decl":{"start":{"line":11,"column":17},"end":{"line":11,"column":18}},"loc":{"start":{"line":11,"column":27},"end":{"line":13,"column":5}},"line":11},"2":{"name":"(anonymous_2)","decl":{"start":{"line":19,"column":16},"end":{"line":19,"column":17}},"loc":{"start":{"line":19,"column":32},"end":{"line":19,"column":43}},"line":19},"3":{"name":"(anonymous_3)","decl":{"start":{"line":21,"column":17},"end":{"line":21,"column":18}},"loc":{"start":{"line":21,"column":55},"end":{"line":28,"column":3}},"line":21},"4":{"name":"(anonymous_4)","decl":{"start":{"line":23,"column":15},"end":{"line":23,"column":16}},"loc":{"start":{"line":23,"column":25},"end":{"line":27,"column":5}},"line":23},"5":{"name":"(anonymous_5)","decl":{"start":{"line":30,"column":19},"end":{"line":30,"column":20}},"loc":{"start":{"line":30,"column":39},"end":{"line":33,"column":3}},"line":30},"6":{"name":"(anonymous_6)","decl":{"start":{"line":35,"column":15},"end":{"line":35,"column":16}},"loc":{"start":{"line":35,"column":31},"end":{"line":73,"column":3}},"line":35},"7":{"name":"(anonymous_7)","decl":{"start":{"line":75,"column":23},"end":{"line":75,"column":24}},"loc":{"start":{"line":75,"column":29},"end":{"line":110,"column":3}},"line":75},"8":{"name":"(anonymous_8)","decl":{"start":{"line":112,"column":18},"end":{"line":112,"column":19}},"loc":{"start":{"line":112,"column":34},"end":{"line":154,"column":3}},"line":112},"9":{"name":"(anonymous_9)","decl":{"start":{"line":156,"column":13},"end":{"line":156,"column":14}},"loc":{"start":{"line":156,"column":33},"end":{"line":171,"column":3}},"line":156},"10":{"name":"(anonymous_10)","decl":{"start":{"line":157,"column":41},"end":{"line":157,"column":42}},"loc":{"start":{"line":157,"column":58},"end":{"line":170,"column":5}},"line":157},"11":{"name":"(anonymous_11)","decl":{"start":{"line":173,"column":14},"end":{"line":173,"column":15}},"loc":{"start":{"line":173,"column":26},"end":{"line":177,"column":3}},"line":173},"12":{"name":"(anonymous_12)","decl":{"start":{"line":179,"column":15},"end":{"line":179,"column":16}},"loc":{"start":{"line":179,"column":32},"end":{"line":183,"column":3}},"line":179},"13":{"name":"(anonymous_13)","decl":{"start":{"line":185,"column":15},"end":{"line":185,"column":16}},"loc":{"start":{"line":185,"column":34},"end":{"line":196,"column":3}},"line":185},"14":{"name":"(anonymous_14)","decl":{"start":{"line":198,"column":19},"end":{"line":198,"column":20}},"loc":{"start":{"line":198,"column":29},"end":{"line":207,"column":3}},"line":198},"15":{"name":"(anonymous_15)","decl":{"start":{"line":201,"column":19},"end":{"line":201,"column":20}},"loc":{"start":{"line":201,"column":28},"end":{"line":205,"column":7}},"line":201},"16":{"name":"(anonymous_16)","decl":{"start":{"line":209,"column":18},"end":{"line":209,"column":19}},"loc":{"start":{"line":209,"column":31},"end":{"line":240,"column":3}},"line":209},"17":{"name":"(anonymous_17)","decl":{"start":{"line":211,"column":42},"end":{"line":211,"column":43}},"loc":{"start":{"line":211,"column":59},"end":{"line":239,"column":5}},"line":211},"18":{"name":"(anonymous_18)","decl":{"start":{"line":242,"column":18},"end":{"line":242,"column":19}},"loc":{"start":{"line":242,"column":38},"end":{"line":254,"column":3}},"line":242},"19":{"name":"(anonymous_19)","decl":{"start":{"line":245,"column":19},"end":{"line":245,"column":20}},"loc":{"start":{"line":245,"column":28},"end":{"line":247,"column":7}},"line":245},"20":{"name":"(anonymous_20)","decl":{"start":{"line":256,"column":18},"end":{"line":256,"column":19}},"loc":{"start":{"line":256,"column":37},"end":{"line":260,"column":3}},"line":256},"21":{"name":"(anonymous_21)","decl":{"start":{"line":262,"column":24},"end":{"line":262,"column":25}},"loc":{"start":{"line":262,"column":40},"end":{"line":269,"column":3}},"line":262},"22":{"name":"(anonymous_22)","decl":{"start":{"line":265,"column":25},"end":{"line":265,"column":26}},"loc":{"start":{"line":265,"column":41},"end":{"line":267,"column":5}},"line":265},"23":{"name":"(anonymous_23)","decl":{"start":{"line":271,"column":24},"end":{"line":271,"column":25}},"loc":{"start":{"line":271,"column":56},"end":{"line":279,"column":3}},"line":271},"24":{"name":"(anonymous_24)","decl":{"start":{"line":272,"column":23},"end":{"line":272,"column":24}},"loc":{"start":{"line":272,"column":32},"end":{"line":274,"column":5}},"line":272},"25":{"name":"(anonymous_25)","decl":{"start":{"line":281,"column":14},"end":{"line":281,"column":15}},"loc":{"start":{"line":281,"column":30},"end":{"line":288,"column":3}},"line":281},"26":{"name":"(anonymous_26)","decl":{"start":{"line":283,"column":41},"end":{"line":283,"column":42}},"loc":{"start":{"line":283,"column":47},"end":{"line":287,"column":5}},"line":283},"27":{"name":"(anonymous_27)","decl":{"start":{"line":290,"column":15},"end":{"line":290,"column":16}},"loc":{"start":{"line":290,"column":21},"end":{"line":296,"column":3}},"line":290},"28":{"name":"(anonymous_28)","decl":{"start":{"line":292,"column":36},"end":{"line":292,"column":37}},"loc":{"start":{"line":292,"column":47},"end":{"line":295,"column":5}},"line":292}},"branchMap":{"0":{"loc":{"start":{"line":24,"column":6},"end":{"line":26,"column":7}},"type":"if","locations":[{"start":{"line":24,"column":6},"end":{"line":26,"column":7}},{"start":{},"end":{}}],"line":24},"1":{"loc":{"start":{"line":164,"column":6},"end":{"line":169,"column":7}},"type":"if","locations":[{"start":{"line":164,"column":6},"end":{"line":169,"column":7}},{"start":{},"end":{}}],"line":164},"2":{"loc":{"start":{"line":188,"column":4},"end":{"line":190,"column":5}},"type":"if","locations":[{"start":{"line":188,"column":4},"end":{"line":190,"column":5}},{"start":{},"end":{}}],"line":188},"3":{"loc":{"start":{"line":188,"column":8},"end":{"line":188,"column":51}},"type":"binary-expr","locations":[{"start":{"line":188,"column":8},"end":{"line":188,"column":21}},{"start":{"line":188,"column":25},"end":{"line":188,"column":51}}],"line":188},"4":{"loc":{"start":{"line":192,"column":4},"end":{"line":194,"column":5}},"type":"if","locations":[{"start":{"line":192,"column":4},"end":{"line":194,"column":5}},{"start":{},"end":{}}],"line":192},"5":{"loc":{"start":{"line":200,"column":4},"end":{"line":206,"column":5}},"type":"if","locations":[{"start":{"line":200,"column":4},"end":{"line":206,"column":5}},{"start":{},"end":{}}],"line":200},"6":{"loc":{"start":{"line":233,"column":6},"end":{"line":238,"column":7}},"type":"if","locations":[{"start":{"line":233,"column":6},"end":{"line":238,"column":7}},{"start":{},"end":{}}],"line":233},"7":{"loc":{"start":{"line":233,"column":10},"end":{"line":233,"column":43}},"type":"binary-expr","locations":[{"start":{"line":233,"column":10},"end":{"line":233,"column":21}},{"start":{"line":233,"column":25},"end":{"line":233,"column":43}}],"line":233},"8":{"loc":{"start":{"line":244,"column":4},"end":{"line":248,"column":5}},"type":"if","locations":[{"start":{"line":244,"column":4},"end":{"line":248,"column":5}},{"start":{},"end":{}}],"line":244},"9":{"loc":{"start":{"line":250,"column":4},"end":{"line":252,"column":5}},"type":"if","locations":[{"start":{"line":250,"column":4},"end":{"line":252,"column":5}},{"start":{},"end":{}}],"line":250},"10":{"loc":{"start":{"line":257,"column":4},"end":{"line":259,"column":5}},"type":"if","locations":[{"start":{"line":257,"column":4},"end":{"line":259,"column":5}},{"start":{},"end":{}}],"line":257},"11":{"loc":{"start":{"line":275,"column":4},"end":{"line":278,"column":5}},"type":"if","locations":[{"start":{"line":275,"column":4},"end":{"line":278,"column":5}},{"start":{},"end":{}}],"line":275}},"s":{"0":1,"1":1,"2":1,"3":0,"4":0,"5":0,"6":0,"7":0,"8":0,"9":0,"10":1,"11":1,"12":1,"13":0,"14":0,"15":0,"16":0,"17":1,"18":1,"19":1,"20":1,"21":0,"22":0,"23":0,"24":0,"25":0,"26":0,"27":0,"28":0,"29":0,"30":0,"31":0,"32":0,"33":0,"34":0,"35":1,"36":0,"37":0,"38":0,"39":1,"40":0,"41":0,"42":0,"43":0,"44":0,"45":0,"46":0,"47":0,"48":0,"49":0,"50":0,"51":0,"52":0,"53":0,"54":0,"55":0,"56":0,"57":0,"58":0,"59":0,"60":0,"61":0,"62":0,"63":1,"64":0,"65":0,"66":0,"67":0,"68":0,"69":0,"70":0,"71":0,"72":1,"73":0,"74":0,"75":0,"76":1,"77":0,"78":0,"79":0,"80":1,"81":0,"82":0,"83":0,"84":0,"85":0,"86":0,"87":0,"88":0,"89":1,"90":0,"91":0,"92":0,"93":0,"94":0,"95":0,"96":1,"97":0,"98":0,"99":0,"100":0,"101":0,"102":0,"103":0,"104":0,"105":0,"106":0,"107":0,"108":0,"109":0,"110":0,"111":0,"112":0,"113":0,"114":1,"115":0,"116":0,"117":0,"118":0,"119":0,"120":0,"121":0,"122":1,"123":0,"124":0,"125":1,"126":0,"127":0,"128":0,"129":0,"130":0,"131":1,"132":0,"133":0,"134":0,"135":0,"136":0,"137":1,"138":0,"139":0,"140":0,"141":0,"142":0,"143":1,"144":0,"145":0,"146":0,"147":0},"f":{"0":0,"1":0,"2":1,"3":0,"4":0,"5":1,"6":0,"7":0,"8":0,"9":0,"10":0,"11":0,"12":0,"13":0,"14":0,"15":0,"16":0,"17":0,"18":0,"19":0,"20":0,"21":0,"22":0,"23":0,"24":0,"25":0,"26":0,"27":0,"28":0},"b":{"0":[0,0],"1":[0,0],"2":[0,0],"3":[0,0],"4":[0,0],"5":[0,0],"6":[0,0],"7":[0,0],"8":[0,0],"9":[0,0],"10":[0,0],"11":[0,0]},"_coverageSchema":"1a1c01bbd47fc00a2c39e90264f33305004495a9","hash":"8dccbf36ded1903f47921312d057e7f89b2f6ea9"}
}
