{"C:\\Users\\dell\\Documents\\js-capstone-project-collab\\src\\modules\\api_loader.js": {"path":"C:\\Users\\dell\\Documents\\js-capstone-project-collab\\src\\modules\\api_loader.js","statementMap":{"0":{"start":{"line":3,"column":4},"end":{"line":3,"column":18}},"1":{"start":{"line":6,"column":14},"end":{"line":10,"column":5}},"2":{"start":{"line":7,"column":18},"end":{"line":7,"column":39}},"3":{"start":{"line":8,"column":19},"end":{"line":8,"column":35}},"4":{"start":{"line":9,"column":6},"end":{"line":9,"column":18}},"5":{"start":{"line":12,"column":14},"end":{"line":25,"column":5}},"6":{"start":{"line":13,"column":6},"end":{"line":24,"column":7}},"7":{"start":{"line":14,"column":20},"end":{"line":20,"column":10}},"8":{"start":{"line":21,"column":8},"end":{"line":21,"column":26}},"9":{"start":{"line":23,"column":8},"end":{"line":23,"column":21}}},"fnMap":{"0":{"name":"(anonymous_0)","decl":{"start":{"line":2,"column":2},"end":{"line":2,"column":3}},"loc":{"start":{"line":2,"column":16},"end":{"line":4,"column":3}},"line":2},"1":{"name":"(anonymous_1)","decl":{"start":{"line":6,"column":14},"end":{"line":6,"column":15}},"loc":{"start":{"line":6,"column":26},"end":{"line":10,"column":5}},"line":6},"2":{"name":"(anonymous_2)","decl":{"start":{"line":12,"column":14},"end":{"line":12,"column":15}},"loc":{"start":{"line":12,"column":37},"end":{"line":25,"column":5}},"line":12}},"branchMap":{"0":{"loc":{"start":{"line":12,"column":21},"end":{"line":12,"column":32}},"type":"default-arg","locations":[{"start":{"line":12,"column":28},"end":{"line":12,"column":32}}],"line":12}},"s":{"0":1,"1":1,"2":0,"3":0,"4":0,"5":1,"6":0,"7":0,"8":0,"9":0},"f":{"0":1,"1":0,"2":0},"b":{"0":[0]},"_coverageSchema":"1a1c01bbd47fc00a2c39e90264f33305004495a9","hash":"6853a6b22b80cabab6174510ad3e2ceec02cb6dd"}
,"C:\\Users\\dell\\Documents\\js-capstone-project-collab\\src\\modules\\dom.js": {"path":"C:\\Users\\dell\\Documents\\js-capstone-project-collab\\src\\modules\\dom.js","statementMap":{"0":{"start":{"line":3,"column":15},"end":{"line":3,"column":30}},"1":{"start":{"line":5,"column":24},"end":{"line":5,"column":29}},"2":{"start":{"line":8,"column":17},"end":{"line":17,"column":3}},"3":{"start":{"line":9,"column":4},"end":{"line":9,"column":48}},"4":{"start":{"line":10,"column":17},"end":{"line":10,"column":39}},"5":{"start":{"line":11,"column":4},"end":{"line":13,"column":7}},"6":{"start":{"line":12,"column":6},"end":{"line":12,"column":28}},"7":{"start":{"line":14,"column":18},"end":{"line":14,"column":46}},"8":{"start":{"line":15,"column":21},"end":{"line":15,"column":52}},"9":{"start":{"line":16,"column":4},"end":{"line":16,"column":43}},"10":{"start":{"line":19,"column":16},"end":{"line":19,"column":43}},"11":{"start":{"line":19,"column":32},"end":{"line":19,"column":43}},"12":{"start":{"line":21,"column":17},"end":{"line":28,"column":3}},"13":{"start":{"line":22,"column":15},"end":{"line":22,"column":26}},"14":{"start":{"line":23,"column":4},"end":{"line":27,"column":7}},"15":{"start":{"line":24,"column":6},"end":{"line":26,"column":7}},"16":{"start":{"line":25,"column":8},"end":{"line":25,"column":52}},"17":{"start":{"line":30,"column":19},"end":{"line":33,"column":3}},"18":{"start":{"line":31,"column":23},"end":{"line":31,"column":54}},"19":{"start":{"line":32,"column":4},"end":{"line":32,"column":22}},"20":{"start":{"line":35,"column":15},"end":{"line":72,"column":3}},"21":{"start":{"line":36,"column":23},"end":{"line":47,"column":5}},"22":{"start":{"line":48,"column":17},"end":{"line":48,"column":53}},"23":{"start":{"line":50,"column":4},"end":{"line":50,"column":43}},"24":{"start":{"line":51,"column":4},"end":{"line":51,"column":36}},"25":{"start":{"line":52,"column":4},"end":{"line":52,"column":41}},"26":{"start":{"line":53,"column":4},"end":{"line":53,"column":40}},"27":{"start":{"line":54,"column":18},"end":{"line":54,"column":40}},"28":{"start":{"line":55,"column":4},"end":{"line":55,"column":56}},"29":{"start":{"line":56,"column":4},"end":{"line":56,"column":40}},"30":{"start":{"line":57,"column":4},"end":{"line":57,"column":24}},"31":{"start":{"line":58,"column":23},"end":{"line":68,"column":5}},"32":{"start":{"line":70,"column":4},"end":{"line":70,"column":47}},"33":{"start":{"line":71,"column":4},"end":{"line":71,"column":33}},"34":{"start":{"line":74,"column":23},"end":{"line":109,"column":3}},"35":{"start":{"line":75,"column":18},"end":{"line":75,"column":58}},"36":{"start":{"line":76,"column":25},"end":{"line":107,"column":11}},"37":{"start":{"line":108,"column":4},"end":{"line":108,"column":35}},"38":{"start":{"line":111,"column":18},"end":{"line":158,"column":3}},"39":{"start":{"line":112,"column":17},"end":{"line":112,"column":60}},"40":{"start":{"line":113,"column":17},"end":{"line":113,"column":56}},"41":{"start":{"line":114,"column":21},"end":{"line":114,"column":57}},"42":{"start":{"line":115,"column":22},"end":{"line":115,"column":60}},"43":{"start":{"line":116,"column":26},"end":{"line":116,"column":67}},"44":{"start":{"line":117,"column":21},"end":{"line":117,"column":56}},"45":{"start":{"line":119,"column":4},"end":{"line":119,"column":28}},"46":{"start":{"line":120,"column":4},"end":{"line":120,"column":24}},"47":{"start":{"line":121,"column":4},"end":{"line":121,"column":24}},"48":{"start":{"line":122,"column":23},"end":{"line":129,"column":5}},"49":{"start":{"line":131,"column":17},"end":{"line":131,"column":53}},"50":{"start":{"line":132,"column":4},"end":{"line":132,"column":65}},"51":{"start":{"line":133,"column":17},"end":{"line":133,"column":39}},"52":{"start":{"line":134,"column":23},"end":{"line":141,"column":5}},"53":{"start":{"line":142,"column":4},"end":{"line":142,"column":48}},"54":{"start":{"line":144,"column":21},"end":{"line":144,"column":38}},"55":{"start":{"line":146,"column":4},"end":{"line":146,"column":34}},"56":{"start":{"line":147,"column":4},"end":{"line":147,"column":46}},"57":{"start":{"line":148,"column":4},"end":{"line":148,"column":55}},"58":{"start":{"line":149,"column":4},"end":{"line":149,"column":61}},"59":{"start":{"line":150,"column":4},"end":{"line":150,"column":63}},"60":{"start":{"line":151,"column":4},"end":{"line":151,"column":71}},"61":{"start":{"line":152,"column":4},"end":{"line":152,"column":72}},"62":{"start":{"line":153,"column":4},"end":{"line":153,"column":59}},"63":{"start":{"line":155,"column":23},"end":{"line":155,"column":58}},"64":{"start":{"line":156,"column":4},"end":{"line":156,"column":56}},"65":{"start":{"line":157,"column":4},"end":{"line":157,"column":33}},"66":{"start":{"line":160,"column":13},"end":{"line":175,"column":3}},"67":{"start":{"line":161,"column":4},"end":{"line":174,"column":7}},"68":{"start":{"line":162,"column":6},"end":{"line":162,"column":29}},"69":{"start":{"line":163,"column":6},"end":{"line":163,"column":120}},"70":{"start":{"line":164,"column":21},"end":{"line":166,"column":7}},"71":{"start":{"line":167,"column":20},"end":{"line":167,"column":48}},"72":{"start":{"line":168,"column":6},"end":{"line":173,"column":7}},"73":{"start":{"line":169,"column":19},"end":{"line":169,"column":78}},"74":{"start":{"line":170,"column":8},"end":{"line":172,"column":17}},"75":{"start":{"line":177,"column":14},"end":{"line":181,"column":3}},"76":{"start":{"line":178,"column":4},"end":{"line":178,"column":118}},"77":{"start":{"line":179,"column":18},"end":{"line":179,"column":40}},"78":{"start":{"line":180,"column":4},"end":{"line":180,"column":17}},"79":{"start":{"line":183,"column":15},"end":{"line":187,"column":3}},"80":{"start":{"line":184,"column":4},"end":{"line":184,"column":121}},"81":{"start":{"line":185,"column":20},"end":{"line":185,"column":47}},"82":{"start":{"line":186,"column":4},"end":{"line":186,"column":19}},"83":{"start":{"line":189,"column":15},"end":{"line":200,"column":3}},"84":{"start":{"line":190,"column":4},"end":{"line":190,"column":139}},"85":{"start":{"line":191,"column":18},"end":{"line":191,"column":40}},"86":{"start":{"line":192,"column":4},"end":{"line":194,"column":5}},"87":{"start":{"line":193,"column":6},"end":{"line":193,"column":21}},"88":{"start":{"line":195,"column":4},"end":{"line":195,"column":33}},"89":{"start":{"line":196,"column":4},"end":{"line":198,"column":5}},"90":{"start":{"line":197,"column":6},"end":{"line":197,"column":15}},"91":{"start":{"line":199,"column":4},"end":{"line":199,"column":26}},"92":{"start":{"line":202,"column":19},"end":{"line":211,"column":3}},"93":{"start":{"line":203,"column":23},"end":{"line":203,"column":58}},"94":{"start":{"line":204,"column":4},"end":{"line":210,"column":5}},"95":{"start":{"line":205,"column":6},"end":{"line":209,"column":9}},"96":{"start":{"line":206,"column":18},"end":{"line":206,"column":45}},"97":{"start":{"line":207,"column":8},"end":{"line":207,"column":78}},"98":{"start":{"line":208,"column":8},"end":{"line":208,"column":34}},"99":{"start":{"line":213,"column":18},"end":{"line":246,"column":3}},"100":{"start":{"line":214,"column":26},"end":{"line":214,"column":67}},"101":{"start":{"line":215,"column":23},"end":{"line":215,"column":61}},"102":{"start":{"line":216,"column":4},"end":{"line":245,"column":7}},"103":{"start":{"line":217,"column":6},"end":{"line":217,"column":29}},"104":{"start":{"line":218,"column":19},"end":{"line":218,"column":50}},"105":{"start":{"line":219,"column":22},"end":{"line":219,"column":55}},"106":{"start":{"line":221,"column":20},"end":{"line":225,"column":7}},"107":{"start":{"line":227,"column":19},"end":{"line":227,"column":29}},"108":{"start":{"line":228,"column":18},"end":{"line":228,"column":32}},"109":{"start":{"line":229,"column":20},"end":{"line":229,"column":35}},"110":{"start":{"line":230,"column":19},"end":{"line":230,"column":37}},"111":{"start":{"line":232,"column":20},"end":{"line":236,"column":7}},"112":{"start":{"line":237,"column":18},"end":{"line":237,"column":46}},"113":{"start":{"line":238,"column":6},"end":{"line":244,"column":7}},"114":{"start":{"line":239,"column":8},"end":{"line":239,"column":45}},"115":{"start":{"line":240,"column":8},"end":{"line":240,"column":47}},"116":{"start":{"line":241,"column":8},"end":{"line":241,"column":37}},"117":{"start":{"line":242,"column":8},"end":{"line":242,"column":95}},"118":{"start":{"line":243,"column":8},"end":{"line":243,"column":33}},"119":{"start":{"line":248,"column":18},"end":{"line":260,"column":3}},"120":{"start":{"line":249,"column":20},"end":{"line":249,"column":48}},"121":{"start":{"line":250,"column":4},"end":{"line":254,"column":5}},"122":{"start":{"line":251,"column":6},"end":{"line":253,"column":9}},"123":{"start":{"line":252,"column":8},"end":{"line":252,"column":35}},"124":{"start":{"line":256,"column":4},"end":{"line":258,"column":5}},"125":{"start":{"line":257,"column":6},"end":{"line":257,"column":22}},"126":{"start":{"line":259,"column":4},"end":{"line":259,"column":19}},"127":{"start":{"line":262,"column":18},"end":{"line":266,"column":3}},"128":{"start":{"line":263,"column":4},"end":{"line":265,"column":5}},"129":{"start":{"line":264,"column":6},"end":{"line":264,"column":32}},"130":{"start":{"line":268,"column":24},"end":{"line":275,"column":3}},"131":{"start":{"line":269,"column":16},"end":{"line":269,"column":18}},"132":{"start":{"line":270,"column":25},"end":{"line":270,"column":51}},"133":{"start":{"line":271,"column":4},"end":{"line":273,"column":7}},"134":{"start":{"line":272,"column":6},"end":{"line":272,"column":44}},"135":{"start":{"line":274,"column":4},"end":{"line":274,"column":15}},"136":{"start":{"line":277,"column":24},"end":{"line":285,"column":3}},"137":{"start":{"line":278,"column":4},"end":{"line":280,"column":7}},"138":{"start":{"line":279,"column":6},"end":{"line":279,"column":48}},"139":{"start":{"line":281,"column":4},"end":{"line":284,"column":5}},"140":{"start":{"line":282,"column":21},"end":{"line":282,"column":54}},"141":{"start":{"line":283,"column":6},"end":{"line":283,"column":47}},"142":{"start":{"line":287,"column":14},"end":{"line":294,"column":3}},"143":{"start":{"line":288,"column":18},"end":{"line":288,"column":58}},"144":{"start":{"line":289,"column":4},"end":{"line":293,"column":7}},"145":{"start":{"line":290,"column":6},"end":{"line":290,"column":24}},"146":{"start":{"line":291,"column":6},"end":{"line":291,"column":40}},"147":{"start":{"line":292,"column":6},"end":{"line":292,"column":27}},"148":{"start":{"line":296,"column":15},"end":{"line":303,"column":3}},"149":{"start":{"line":297,"column":18},"end":{"line":297,"column":58}},"150":{"start":{"line":298,"column":18},"end":{"line":298,"column":50}},"151":{"start":{"line":299,"column":4},"end":{"line":302,"column":7}},"152":{"start":{"line":300,"column":6},"end":{"line":300,"column":29}},"153":{"start":{"line":301,"column":6},"end":{"line":301,"column":20}}},"fnMap":{"0":{"name":"(anonymous_0)","decl":{"start":{"line":8,"column":17},"end":{"line":8,"column":18}},"loc":{"start":{"line":8,"column":29},"end":{"line":17,"column":3}},"line":8},"1":{"name":"(anonymous_1)","decl":{"start":{"line":11,"column":17},"end":{"line":11,"column":18}},"loc":{"start":{"line":11,"column":27},"end":{"line":13,"column":5}},"line":11},"2":{"name":"(anonymous_2)","decl":{"start":{"line":19,"column":16},"end":{"line":19,"column":17}},"loc":{"start":{"line":19,"column":32},"end":{"line":19,"column":43}},"line":19},"3":{"name":"(anonymous_3)","decl":{"start":{"line":21,"column":17},"end":{"line":21,"column":18}},"loc":{"start":{"line":21,"column":55},"end":{"line":28,"column":3}},"line":21},"4":{"name":"(anonymous_4)","decl":{"start":{"line":23,"column":15},"end":{"line":23,"column":16}},"loc":{"start":{"line":23,"column":25},"end":{"line":27,"column":5}},"line":23},"5":{"name":"(anonymous_5)","decl":{"start":{"line":30,"column":19},"end":{"line":30,"column":20}},"loc":{"start":{"line":30,"column":39},"end":{"line":33,"column":3}},"line":30},"6":{"name":"(anonymous_6)","decl":{"start":{"line":35,"column":15},"end":{"line":35,"column":16}},"loc":{"start":{"line":35,"column":31},"end":{"line":72,"column":3}},"line":35},"7":{"name":"(anonymous_7)","decl":{"start":{"line":74,"column":23},"end":{"line":74,"column":24}},"loc":{"start":{"line":74,"column":29},"end":{"line":109,"column":3}},"line":74},"8":{"name":"(anonymous_8)","decl":{"start":{"line":111,"column":18},"end":{"line":111,"column":19}},"loc":{"start":{"line":111,"column":34},"end":{"line":158,"column":3}},"line":111},"9":{"name":"(anonymous_9)","decl":{"start":{"line":160,"column":13},"end":{"line":160,"column":14}},"loc":{"start":{"line":160,"column":33},"end":{"line":175,"column":3}},"line":160},"10":{"name":"(anonymous_10)","decl":{"start":{"line":161,"column":41},"end":{"line":161,"column":42}},"loc":{"start":{"line":161,"column":58},"end":{"line":174,"column":5}},"line":161},"11":{"name":"(anonymous_11)","decl":{"start":{"line":177,"column":14},"end":{"line":177,"column":15}},"loc":{"start":{"line":177,"column":26},"end":{"line":181,"column":3}},"line":177},"12":{"name":"(anonymous_12)","decl":{"start":{"line":183,"column":15},"end":{"line":183,"column":16}},"loc":{"start":{"line":183,"column":32},"end":{"line":187,"column":3}},"line":183},"13":{"name":"(anonymous_13)","decl":{"start":{"line":189,"column":15},"end":{"line":189,"column":16}},"loc":{"start":{"line":189,"column":33},"end":{"line":200,"column":3}},"line":189},"14":{"name":"(anonymous_14)","decl":{"start":{"line":202,"column":19},"end":{"line":202,"column":20}},"loc":{"start":{"line":202,"column":29},"end":{"line":211,"column":3}},"line":202},"15":{"name":"(anonymous_15)","decl":{"start":{"line":205,"column":19},"end":{"line":205,"column":20}},"loc":{"start":{"line":205,"column":28},"end":{"line":209,"column":7}},"line":205},"16":{"name":"(anonymous_16)","decl":{"start":{"line":213,"column":18},"end":{"line":213,"column":19}},"loc":{"start":{"line":213,"column":30},"end":{"line":246,"column":3}},"line":213},"17":{"name":"(anonymous_17)","decl":{"start":{"line":216,"column":42},"end":{"line":216,"column":43}},"loc":{"start":{"line":216,"column":59},"end":{"line":245,"column":5}},"line":216},"18":{"name":"(anonymous_18)","decl":{"start":{"line":248,"column":18},"end":{"line":248,"column":19}},"loc":{"start":{"line":248,"column":38},"end":{"line":260,"column":3}},"line":248},"19":{"name":"(anonymous_19)","decl":{"start":{"line":251,"column":19},"end":{"line":251,"column":20}},"loc":{"start":{"line":251,"column":28},"end":{"line":253,"column":7}},"line":251},"20":{"name":"(anonymous_20)","decl":{"start":{"line":262,"column":18},"end":{"line":262,"column":19}},"loc":{"start":{"line":262,"column":37},"end":{"line":266,"column":3}},"line":262},"21":{"name":"(anonymous_21)","decl":{"start":{"line":268,"column":24},"end":{"line":268,"column":25}},"loc":{"start":{"line":268,"column":40},"end":{"line":275,"column":3}},"line":268},"22":{"name":"(anonymous_22)","decl":{"start":{"line":271,"column":25},"end":{"line":271,"column":26}},"loc":{"start":{"line":271,"column":41},"end":{"line":273,"column":5}},"line":271},"23":{"name":"(anonymous_23)","decl":{"start":{"line":277,"column":24},"end":{"line":277,"column":25}},"loc":{"start":{"line":277,"column":56},"end":{"line":285,"column":3}},"line":277},"24":{"name":"(anonymous_24)","decl":{"start":{"line":278,"column":23},"end":{"line":278,"column":24}},"loc":{"start":{"line":278,"column":32},"end":{"line":280,"column":5}},"line":278},"25":{"name":"(anonymous_25)","decl":{"start":{"line":287,"column":14},"end":{"line":287,"column":15}},"loc":{"start":{"line":287,"column":30},"end":{"line":294,"column":3}},"line":287},"26":{"name":"(anonymous_26)","decl":{"start":{"line":289,"column":41},"end":{"line":289,"column":42}},"loc":{"start":{"line":289,"column":47},"end":{"line":293,"column":5}},"line":289},"27":{"name":"(anonymous_27)","decl":{"start":{"line":296,"column":15},"end":{"line":296,"column":16}},"loc":{"start":{"line":296,"column":21},"end":{"line":303,"column":3}},"line":296},"28":{"name":"(anonymous_28)","decl":{"start":{"line":299,"column":36},"end":{"line":299,"column":37}},"loc":{"start":{"line":299,"column":47},"end":{"line":302,"column":5}},"line":299}},"branchMap":{"0":{"loc":{"start":{"line":24,"column":6},"end":{"line":26,"column":7}},"type":"if","locations":[{"start":{"line":24,"column":6},"end":{"line":26,"column":7}},{"start":{},"end":{}}],"line":24},"1":{"loc":{"start":{"line":168,"column":6},"end":{"line":173,"column":7}},"type":"if","locations":[{"start":{"line":168,"column":6},"end":{"line":173,"column":7}},{"start":{},"end":{}}],"line":168},"2":{"loc":{"start":{"line":192,"column":4},"end":{"line":194,"column":5}},"type":"if","locations":[{"start":{"line":192,"column":4},"end":{"line":194,"column":5}},{"start":{},"end":{}}],"line":192},"3":{"loc":{"start":{"line":192,"column":8},"end":{"line":192,"column":51}},"type":"binary-expr","locations":[{"start":{"line":192,"column":8},"end":{"line":192,"column":21}},{"start":{"line":192,"column":25},"end":{"line":192,"column":51}}],"line":192},"4":{"loc":{"start":{"line":196,"column":4},"end":{"line":198,"column":5}},"type":"if","locations":[{"start":{"line":196,"column":4},"end":{"line":198,"column":5}},{"start":{},"end":{}}],"line":196},"5":{"loc":{"start":{"line":204,"column":4},"end":{"line":210,"column":5}},"type":"if","locations":[{"start":{"line":204,"column":4},"end":{"line":210,"column":5}},{"start":{},"end":{}}],"line":204},"6":{"loc":{"start":{"line":238,"column":6},"end":{"line":244,"column":7}},"type":"if","locations":[{"start":{"line":238,"column":6},"end":{"line":244,"column":7}},{"start":{},"end":{}}],"line":238},"7":{"loc":{"start":{"line":238,"column":10},"end":{"line":238,"column":43}},"type":"binary-expr","locations":[{"start":{"line":238,"column":10},"end":{"line":238,"column":21}},{"start":{"line":238,"column":25},"end":{"line":238,"column":43}}],"line":238},"8":{"loc":{"start":{"line":250,"column":4},"end":{"line":254,"column":5}},"type":"if","locations":[{"start":{"line":250,"column":4},"end":{"line":254,"column":5}},{"start":{},"end":{}}],"line":250},"9":{"loc":{"start":{"line":256,"column":4},"end":{"line":258,"column":5}},"type":"if","locations":[{"start":{"line":256,"column":4},"end":{"line":258,"column":5}},{"start":{},"end":{}}],"line":256},"10":{"loc":{"start":{"line":263,"column":4},"end":{"line":265,"column":5}},"type":"if","locations":[{"start":{"line":263,"column":4},"end":{"line":265,"column":5}},{"start":{},"end":{}}],"line":263},"11":{"loc":{"start":{"line":281,"column":4},"end":{"line":284,"column":5}},"type":"if","locations":[{"start":{"line":281,"column":4},"end":{"line":284,"column":5}},{"start":{},"end":{}}],"line":281}},"s":{"0":1,"1":1,"2":1,"3":0,"4":0,"5":0,"6":0,"7":0,"8":0,"9":0,"10":1,"11":1,"12":1,"13":0,"14":0,"15":0,"16":0,"17":1,"18":1,"19":1,"20":1,"21":0,"22":0,"23":0,"24":0,"25":0,"26":0,"27":0,"28":0,"29":0,"30":0,"31":0,"32":0,"33":0,"34":1,"35":0,"36":0,"37":0,"38":1,"39":0,"40":0,"41":0,"42":0,"43":0,"44":0,"45":0,"46":0,"47":0,"48":0,"49":0,"50":0,"51":0,"52":0,"53":0,"54":0,"55":0,"56":0,"57":0,"58":0,"59":0,"60":0,"61":0,"62":0,"63":0,"64":0,"65":0,"66":1,"67":0,"68":0,"69":0,"70":0,"71":0,"72":0,"73":0,"74":0,"75":1,"76":0,"77":0,"78":0,"79":1,"80":0,"81":0,"82":0,"83":1,"84":0,"85":0,"86":0,"87":0,"88":0,"89":0,"90":0,"91":0,"92":1,"93":0,"94":0,"95":0,"96":0,"97":0,"98":0,"99":1,"100":0,"101":0,"102":0,"103":0,"104":0,"105":0,"106":0,"107":0,"108":0,"109":0,"110":0,"111":0,"112":0,"113":0,"114":0,"115":0,"116":0,"117":0,"118":0,"119":1,"120":0,"121":0,"122":0,"123":0,"124":0,"125":0,"126":0,"127":1,"128":0,"129":0,"130":1,"131":0,"132":0,"133":0,"134":0,"135":0,"136":1,"137":0,"138":0,"139":0,"140":0,"141":0,"142":1,"143":0,"144":0,"145":0,"146":0,"147":0,"148":1,"149":0,"150":0,"151":0,"152":0,"153":0},"f":{"0":0,"1":0,"2":1,"3":0,"4":0,"5":1,"6":0,"7":0,"8":0,"9":0,"10":0,"11":0,"12":0,"13":0,"14":0,"15":0,"16":0,"17":0,"18":0,"19":0,"20":0,"21":0,"22":0,"23":0,"24":0,"25":0,"26":0,"27":0,"28":0},"b":{"0":[0,0],"1":[0,0],"2":[0,0],"3":[0,0],"4":[0,0],"5":[0,0],"6":[0,0],"7":[0,0],"8":[0,0],"9":[0,0],"10":[0,0],"11":[0,0]},"_coverageSchema":"1a1c01bbd47fc00a2c39e90264f33305004495a9","hash":"288ff9f788150917096c51c04dc00d6f2518e0f6"}
}
