TN:
SF:src\modules\api_loader.js
FN:2,(anonymous_0)
FN:6,(anonymous_1)
FN:12,(anonymous_2)
FNF:3
FNH:1
FNDA:2,(anonymous_0)
FNDA:0,(anonymous_1)
FNDA:0,(anonymous_2)
DA:3,2
DA:6,2
DA:7,0
DA:8,0
DA:9,0
DA:12,2
DA:13,0
DA:14,0
DA:21,0
DA:23,0
LF:10
LH:3
BRDA:12,0,0,0
BRF:1
BRH:0
end_of_record
TN:
SF:src\modules\dom.js
FN:8,(anonymous_0)
FN:11,(anonymous_1)
FN:19,(anonymous_2)
FN:24,(anonymous_3)
FN:26,(anonymous_4)
FN:33,(anonymous_5)
FN:38,(anonymous_6)
FN:78,(anonymous_7)
FN:115,(anonymous_8)
FN:160,(anonymous_9)
FN:161,(anonymous_10)
FN:178,(anonymous_11)
FN:185,(anonymous_12)
FN:192,(anonymous_13)
FN:208,(anonymous_14)
FN:211,(anonymous_15)
FN:221,(anonymous_16)
FN:223,(anonymous_17)
FN:256,(anonymous_18)
FN:259,(anonymous_19)
FN:270,(anonymous_20)
FN:276,(anonymous_21)
FN:279,(anonymous_22)
FN:285,(anonymous_23)
FN:286,(anonymous_24)
FN:296,(anonymous_25)
FN:298,(anonymous_26)
FN:306,(anonymous_27)
FN:308,(anonymous_28)
FNF:29
FNH:2
FNDA:0,(anonymous_0)
FNDA:0,(anonymous_1)
FNDA:1,(anonymous_2)
FNDA:0,(anonymous_3)
FNDA:0,(anonymous_4)
FNDA:1,(anonymous_5)
FNDA:0,(anonymous_6)
FNDA:0,(anonymous_7)
FNDA:0,(anonymous_8)
FNDA:0,(anonymous_9)
FNDA:0,(anonymous_10)
FNDA:0,(anonymous_11)
FNDA:0,(anonymous_12)
FNDA:0,(anonymous_13)
FNDA:0,(anonymous_14)
FNDA:0,(anonymous_15)
FNDA:0,(anonymous_16)
FNDA:0,(anonymous_17)
FNDA:0,(anonymous_18)
FNDA:0,(anonymous_19)
FNDA:0,(anonymous_20)
FNDA:0,(anonymous_21)
FNDA:0,(anonymous_22)
FNDA:0,(anonymous_23)
FNDA:0,(anonymous_24)
FNDA:0,(anonymous_25)
FNDA:0,(anonymous_26)
FNDA:0,(anonymous_27)
FNDA:0,(anonymous_28)
DA:3,1
DA:5,1
DA:8,1
DA:9,0
DA:10,0
DA:11,0
DA:12,0
DA:14,0
DA:15,0
DA:16,0
DA:19,1
DA:20,1
DA:21,1
DA:24,1
DA:25,0
DA:26,0
DA:27,0
DA:28,0
DA:33,1
DA:34,1
DA:35,1
DA:38,1
DA:39,0
DA:51,0
DA:53,0
DA:54,0
DA:55,0
DA:56,0
DA:57,0
DA:58,0
DA:59,0
DA:60,0
DA:61,0
DA:73,0
DA:74,0
DA:75,0
DA:78,1
DA:79,0
DA:80,0
DA:112,0
DA:115,1
DA:116,0
DA:117,0
DA:118,0
DA:119,0
DA:120,0
DA:121,0
DA:130,0
DA:131,0
DA:132,0
DA:133,0
DA:141,0
DA:143,0
DA:145,0
DA:146,0
DA:147,0
DA:148,0
DA:149,0
DA:150,0
DA:151,0
DA:152,0
DA:154,0
DA:155,0
DA:156,0
DA:160,1
DA:161,0
DA:162,0
DA:163,0
DA:165,0
DA:168,0
DA:169,0
DA:170,0
DA:171,0
DA:178,1
DA:179,0
DA:181,0
DA:182,0
DA:185,1
DA:186,0
DA:188,0
DA:189,0
DA:192,1
DA:193,0
DA:194,0
DA:195,0
DA:196,0
DA:197,0
DA:198,0
DA:200,0
DA:201,0
DA:202,0
DA:203,0
DA:205,0
DA:208,1
DA:209,0
DA:210,0
DA:211,0
DA:212,0
DA:213,0
DA:214,0
DA:215,0
DA:216,0
DA:221,1
DA:222,0
DA:223,0
DA:224,0
DA:225,0
DA:226,0
DA:228,0
DA:235,0
DA:236,0
DA:237,0
DA:238,0
DA:240,0
DA:245,0
DA:246,0
DA:247,0
DA:248,0
DA:249,0
DA:250,0
DA:251,0
DA:256,1
DA:257,0
DA:258,0
DA:259,0
DA:260,0
DA:264,0
DA:265,0
DA:267,0
DA:270,1
DA:271,0
DA:272,0
DA:276,1
DA:277,0
DA:278,0
DA:279,0
DA:280,0
DA:282,0
DA:285,1
DA:286,0
DA:287,0
DA:289,0
DA:290,0
DA:291,0
DA:296,1
DA:297,0
DA:298,0
DA:299,0
DA:300,0
DA:301,0
DA:302,0
DA:306,1
DA:307,0
DA:308,0
DA:309,0
DA:310,0
LF:156
LH:25
BRDA:27,0,0,0
BRDA:27,0,1,0
BRDA:169,1,0,0
BRDA:169,1,1,0
BRDA:196,2,0,0
BRDA:196,2,1,0
BRDA:196,3,0,0
BRDA:196,3,1,0
BRDA:202,4,0,0
BRDA:202,4,1,0
BRDA:210,5,0,0
BRDA:210,5,1,0
BRDA:246,6,0,0
BRDA:246,6,1,0
BRDA:246,7,0,0
BRDA:246,7,1,0
BRDA:258,8,0,0
BRDA:258,8,1,0
BRDA:264,9,0,0
BRDA:264,9,1,0
BRDA:271,10,0,0
BRDA:271,10,1,0
BRDA:289,11,0,0
BRDA:289,11,1,0
BRF:24
BRH:0
end_of_record
