TN:
SF:src\modules\api_loader.js
FN:2,(anonymous_0)
FN:6,(anonymous_1)
FN:12,(anonymous_2)
FNF:3
FNH:1
FNDA:1,(anonymous_0)
FNDA:0,(anonymous_1)
FNDA:0,(anonymous_2)
DA:3,1
DA:6,1
DA:7,0
DA:8,0
DA:9,0
DA:12,1
DA:13,0
DA:14,0
DA:21,0
DA:23,0
LF:10
LH:3
BRDA:12,0,0,0
BRF:1
BRH:0
end_of_record
TN:
SF:src\modules\dom.js
FN:8,(anonymous_0)
FN:11,(anonymous_1)
FN:19,(anonymous_2)
FN:21,(anonymous_3)
FN:23,(anonymous_4)
FN:30,(anonymous_5)
FN:35,(anonymous_6)
FN:74,(anonymous_7)
FN:111,(anonymous_8)
FN:160,(anonymous_9)
FN:161,(anonymous_10)
FN:177,(anonymous_11)
FN:183,(anonymous_12)
FN:189,(anonymous_13)
FN:202,(anonymous_14)
FN:205,(anonymous_15)
FN:213,(anonymous_16)
FN:216,(anonymous_17)
FN:248,(anonymous_18)
FN:251,(anonymous_19)
FN:262,(anonymous_20)
FN:268,(anonymous_21)
FN:271,(anonymous_22)
FN:277,(anonymous_23)
FN:278,(anonymous_24)
FN:287,(anonymous_25)
FN:289,(anonymous_26)
FN:296,(anonymous_27)
FN:299,(anonymous_28)
FNF:29
FNH:2
FNDA:0,(anonymous_0)
FNDA:0,(anonymous_1)
FNDA:1,(anonymous_2)
FNDA:0,(anonymous_3)
FNDA:0,(anonymous_4)
FNDA:1,(anonymous_5)
FNDA:0,(anonymous_6)
FNDA:0,(anonymous_7)
FNDA:0,(anonymous_8)
FNDA:0,(anonymous_9)
FNDA:0,(anonymous_10)
FNDA:0,(anonymous_11)
FNDA:0,(anonymous_12)
FNDA:0,(anonymous_13)
FNDA:0,(anonymous_14)
FNDA:0,(anonymous_15)
FNDA:0,(anonymous_16)
FNDA:0,(anonymous_17)
FNDA:0,(anonymous_18)
FNDA:0,(anonymous_19)
FNDA:0,(anonymous_20)
FNDA:0,(anonymous_21)
FNDA:0,(anonymous_22)
FNDA:0,(anonymous_23)
FNDA:0,(anonymous_24)
FNDA:0,(anonymous_25)
FNDA:0,(anonymous_26)
FNDA:0,(anonymous_27)
FNDA:0,(anonymous_28)
DA:3,1
DA:5,1
DA:8,1
DA:9,0
DA:10,0
DA:11,0
DA:12,0
DA:14,0
DA:15,0
DA:16,0
DA:19,1
DA:21,1
DA:22,0
DA:23,0
DA:24,0
DA:25,0
DA:30,1
DA:31,1
DA:32,1
DA:35,1
DA:36,0
DA:48,0
DA:50,0
DA:51,0
DA:52,0
DA:53,0
DA:54,0
DA:55,0
DA:56,0
DA:57,0
DA:58,0
DA:70,0
DA:71,0
DA:74,1
DA:75,0
DA:76,0
DA:108,0
DA:111,1
DA:112,0
DA:113,0
DA:114,0
DA:115,0
DA:116,0
DA:117,0
DA:119,0
DA:120,0
DA:121,0
DA:122,0
DA:131,0
DA:132,0
DA:133,0
DA:134,0
DA:142,0
DA:144,0
DA:146,0
DA:147,0
DA:148,0
DA:149,0
DA:150,0
DA:151,0
DA:152,0
DA:153,0
DA:155,0
DA:156,0
DA:157,0
DA:160,1
DA:161,0
DA:162,0
DA:163,0
DA:164,0
DA:167,0
DA:168,0
DA:169,0
DA:170,0
DA:177,1
DA:178,0
DA:179,0
DA:180,0
DA:183,1
DA:184,0
DA:185,0
DA:186,0
DA:189,1
DA:190,0
DA:191,0
DA:192,0
DA:193,0
DA:195,0
DA:196,0
DA:197,0
DA:199,0
DA:202,1
DA:203,0
DA:204,0
DA:205,0
DA:206,0
DA:207,0
DA:208,0
DA:213,1
DA:214,0
DA:215,0
DA:216,0
DA:217,0
DA:218,0
DA:219,0
DA:221,0
DA:227,0
DA:228,0
DA:229,0
DA:230,0
DA:232,0
DA:237,0
DA:238,0
DA:239,0
DA:240,0
DA:241,0
DA:242,0
DA:243,0
DA:248,1
DA:249,0
DA:250,0
DA:251,0
DA:252,0
DA:256,0
DA:257,0
DA:259,0
DA:262,1
DA:263,0
DA:264,0
DA:268,1
DA:269,0
DA:270,0
DA:271,0
DA:272,0
DA:274,0
DA:277,1
DA:278,0
DA:279,0
DA:281,0
DA:282,0
DA:283,0
DA:287,1
DA:288,0
DA:289,0
DA:290,0
DA:291,0
DA:292,0
DA:296,1
DA:297,0
DA:298,0
DA:299,0
DA:300,0
DA:301,0
LF:153
LH:23
BRDA:24,0,0,0
BRDA:24,0,1,0
BRDA:168,1,0,0
BRDA:168,1,1,0
BRDA:192,2,0,0
BRDA:192,2,1,0
BRDA:192,3,0,0
BRDA:192,3,1,0
BRDA:196,4,0,0
BRDA:196,4,1,0
BRDA:204,5,0,0
BRDA:204,5,1,0
BRDA:238,6,0,0
BRDA:238,6,1,0
BRDA:238,7,0,0
BRDA:238,7,1,0
BRDA:250,8,0,0
BRDA:250,8,1,0
BRDA:256,9,0,0
BRDA:256,9,1,0
BRDA:263,10,0,0
BRDA:263,10,1,0
BRDA:281,11,0,0
BRDA:281,11,1,0
BRF:24
BRH:0
end_of_record
